[    4757ms] [WARNING] <meta name="apple-mobile-web-app-capable" content="yes"> is deprecated. Please include <meta name="mobile-web-app-capable" content="yes"> @ https://localhost:8000/?s=5042a3ff-3829-402c-9802-6297bcbb1168:lld:0
[  208635ms] [ERROR] Failed to load resource: the server responded with a status of 404 (Not Found) @ https://localhost:8000/api/conversations/e5a51b5a-e125-4d74-9030-9f275e7632c1%3Abehavioral:0
[  208656ms] [WARNING] <meta name="apple-mobile-web-app-capable" content="yes"> is deprecated. Please include <meta name="mobile-web-app-capable" content="yes"> @ https://localhost:8000/?s=c91cb217-28dd-43c7-900c-b1459cda3386%3Abehavioral:0
[  212465ms] [ERROR] Failed to load resource: the server responded with a status of 404 (Not Found) @ https://localhost:8000/api/conversations/7c07a450-dd03-4d5e-946a-a6c967f50116%3Alld:0
[  212500ms] [WARNING] <meta name="apple-mobile-web-app-capable" content="yes"> is deprecated. Please include <meta name="mobile-web-app-capable" content="yes"> @ https://localhost:8000/?s=04d05c28-2d0c-4a81-8c70-06692b7c1ddf%3Alld:0
[  373457ms] [WARNING] <meta name="apple-mobile-web-app-capable" content="yes"> is deprecated. Please include <meta name="mobile-web-app-capable" content="yes"> @ https://localhost:8000/?s=2ff1959f-0d60-4c1b-893d-c297aa102e10%3Alld:0
[  693445ms] [ERROR] Failed to load resource: the server responded with a status of 404 (Not Found) @ https://localhost:8000/api/conversations/06a38427-68c3-4dce-95b2-1373cc89e6bf%3Alld:0
[  698444ms] [ERROR] Failed to load resource: the server responded with a status of 404 (Not Found) @ https://localhost:8000/api/conversations/06a38427-68c3-4dce-95b2-1373cc89e6bf%3Alld:0
[  703441ms] [ERROR] Failed to load resource: the server responded with a status of 404 (Not Found) @ https://localhost:8000/api/conversations/06a38427-68c3-4dce-95b2-1373cc89e6bf%3Alld:0
[  708441ms] [ERROR] Failed to load resource: the server responded with a status of 404 (Not Found) @ https://localhost:8000/api/conversations/06a38427-68c3-4dce-95b2-1373cc89e6bf%3Alld:0
[  713446ms] [ERROR] Failed to load resource: the server responded with a status of 404 (Not Found) @ https://localhost:8000/api/conversations/06a38427-68c3-4dce-95b2-1373cc89e6bf%3Alld:0
[  718446ms] [ERROR] Failed to load resource: the server responded with a status of 404 (Not Found) @ https://localhost:8000/api/conversations/06a38427-68c3-4dce-95b2-1373cc89e6bf%3Alld:0
[  723449ms] [ERROR] Failed to load resource: the server responded with a status of 404 (Not Found) @ https://localhost:8000/api/conversations/06a38427-68c3-4dce-95b2-1373cc89e6bf%3Alld:0
[  728446ms] [ERROR] Failed to load resource: the server responded with a status of 404 (Not Found) @ https://localhost:8000/api/conversations/06a38427-68c3-4dce-95b2-1373cc89e6bf%3Alld:0
[  733446ms] [ERROR] Failed to load resource: the server responded with a status of 404 (Not Found) @ https://localhost:8000/api/conversations/06a38427-68c3-4dce-95b2-1373cc89e6bf%3Alld:0
[  738444ms] [ERROR] Failed to load resource: the server responded with a status of 404 (Not Found) @ https://localhost:8000/api/conversations/06a38427-68c3-4dce-95b2-1373cc89e6bf%3Alld:0
[  743446ms] [ERROR] Failed to load resource: the server responded with a status of 404 (Not Found) @ https://localhost:8000/api/conversations/06a38427-68c3-4dce-95b2-1373cc89e6bf%3Alld:0
[  748445ms] [ERROR] Failed to load resource: the server responded with a status of 404 (Not Found) @ https://localhost:8000/api/conversations/06a38427-68c3-4dce-95b2-1373cc89e6bf%3Alld:0
[  753448ms] [ERROR] Failed to load resource: the server responded with a status of 404 (Not Found) @ https://localhost:8000/api/conversations/06a38427-68c3-4dce-95b2-1373cc89e6bf%3Alld:0
[  758447ms] [ERROR] Failed to load resource: the server responded with a status of 404 (Not Found) @ https://localhost:8000/api/conversations/06a38427-68c3-4dce-95b2-1373cc89e6bf%3Alld:0
[  763443ms] [ERROR] Failed to load resource: the server responded with a status of 404 (Not Found) @ https://localhost:8000/api/conversations/06a38427-68c3-4dce-95b2-1373cc89e6bf%3Alld:0
[  768444ms] [ERROR] Failed to load resource: the server responded with a status of 404 (Not Found) @ https://localhost:8000/api/conversations/06a38427-68c3-4dce-95b2-1373cc89e6bf%3Alld:0
[  773445ms] [ERROR] Failed to load resource: the server responded with a status of 404 (Not Found) @ https://localhost:8000/api/conversations/06a38427-68c3-4dce-95b2-1373cc89e6bf%3Alld:0
[  778446ms] [ERROR] Failed to load resource: the server responded with a status of 404 (Not Found) @ https://localhost:8000/api/conversations/06a38427-68c3-4dce-95b2-1373cc89e6bf%3Alld:0
[  783448ms] [ERROR] Failed to load resource: the server responded with a status of 404 (Not Found) @ https://localhost:8000/api/conversations/06a38427-68c3-4dce-95b2-1373cc89e6bf%3Alld:0
[  788444ms] [ERROR] Failed to load resource: the server responded with a status of 404 (Not Found) @ https://localhost:8000/api/conversations/06a38427-68c3-4dce-95b2-1373cc89e6bf%3Alld:0
[  793440ms] [ERROR] Failed to load resource: the server responded with a status of 404 (Not Found) @ https://localhost:8000/api/conversations/06a38427-68c3-4dce-95b2-1373cc89e6bf%3Alld:0
[  798459ms] [ERROR] Failed to load resource: the server responded with a status of 404 (Not Found) @ https://localhost:8000/api/conversations/06a38427-68c3-4dce-95b2-1373cc89e6bf%3Alld:0
[  803444ms] [ERROR] Failed to load resource: the server responded with a status of 404 (Not Found) @ https://localhost:8000/api/conversations/06a38427-68c3-4dce-95b2-1373cc89e6bf%3Alld:0
[  808443ms] [ERROR] Failed to load resource: the server responded with a status of 404 (Not Found) @ https://localhost:8000/api/conversations/06a38427-68c3-4dce-95b2-1373cc89e6bf%3Alld:0
[  813443ms] [ERROR] Failed to load resource: the server responded with a status of 404 (Not Found) @ https://localhost:8000/api/conversations/06a38427-68c3-4dce-95b2-1373cc89e6bf%3Alld:0
[  818445ms] [ERROR] Failed to load resource: the server responded with a status of 404 (Not Found) @ https://localhost:8000/api/conversations/06a38427-68c3-4dce-95b2-1373cc89e6bf%3Alld:0
[  823441ms] [ERROR] Failed to load resource: the server responded with a status of 404 (Not Found) @ https://localhost:8000/api/conversations/06a38427-68c3-4dce-95b2-1373cc89e6bf%3Alld:0
[  828444ms] [ERROR] Failed to load resource: the server responded with a status of 404 (Not Found) @ https://localhost:8000/api/conversations/06a38427-68c3-4dce-95b2-1373cc89e6bf%3Alld:0
[  833445ms] [ERROR] Failed to load resource: the server responded with a status of 404 (Not Found) @ https://localhost:8000/api/conversations/06a38427-68c3-4dce-95b2-1373cc89e6bf%3Alld:0
[  838441ms] [ERROR] Failed to load resource: the server responded with a status of 404 (Not Found) @ https://localhost:8000/api/conversations/06a38427-68c3-4dce-95b2-1373cc89e6bf%3Alld:0
[  843455ms] [ERROR] Failed to load resource: the server responded with a status of 404 (Not Found) @ https://localhost:8000/api/conversations/06a38427-68c3-4dce-95b2-1373cc89e6bf%3Alld:0
[  848443ms] [ERROR] Failed to load resource: the server responded with a status of 404 (Not Found) @ https://localhost:8000/api/conversations/06a38427-68c3-4dce-95b2-1373cc89e6bf%3Alld:0
[  853443ms] [ERROR] Failed to load resource: the server responded with a status of 404 (Not Found) @ https://localhost:8000/api/conversations/06a38427-68c3-4dce-95b2-1373cc89e6bf%3Alld:0
[  858444ms] [ERROR] Failed to load resource: the server responded with a status of 404 (Not Found) @ https://localhost:8000/api/conversations/06a38427-68c3-4dce-95b2-1373cc89e6bf%3Alld:0
[  863444ms] [ERROR] Failed to load resource: the server responded with a status of 404 (Not Found) @ https://localhost:8000/api/conversations/06a38427-68c3-4dce-95b2-1373cc89e6bf%3Alld:0
[  868444ms] [ERROR] Failed to load resource: the server responded with a status of 404 (Not Found) @ https://localhost:8000/api/conversations/06a38427-68c3-4dce-95b2-1373cc89e6bf%3Alld:0
[  873444ms] [ERROR] Failed to load resource: the server responded with a status of 404 (Not Found) @ https://localhost:8000/api/conversations/06a38427-68c3-4dce-95b2-1373cc89e6bf%3Alld:0
[  878445ms] [ERROR] Failed to load resource: the server responded with a status of 404 (Not Found) @ https://localhost:8000/api/conversations/06a38427-68c3-4dce-95b2-1373cc89e6bf%3Alld:0
[  883442ms] [ERROR] Failed to load resource: the server responded with a status of 404 (Not Found) @ https://localhost:8000/api/conversations/06a38427-68c3-4dce-95b2-1373cc89e6bf%3Alld:0
[  888444ms] [ERROR] Failed to load resource: the server responded with a status of 404 (Not Found) @ https://localhost:8000/api/conversations/06a38427-68c3-4dce-95b2-1373cc89e6bf%3Alld:0
[  893447ms] [ERROR] Failed to load resource: the server responded with a status of 404 (Not Found) @ https://localhost:8000/api/conversations/06a38427-68c3-4dce-95b2-1373cc89e6bf%3Alld:0
[  898445ms] [ERROR] Failed to load resource: the server responded with a status of 404 (Not Found) @ https://localhost:8000/api/conversations/06a38427-68c3-4dce-95b2-1373cc89e6bf%3Alld:0
[  903444ms] [ERROR] Failed to load resource: the server responded with a status of 404 (Not Found) @ https://localhost:8000/api/conversations/06a38427-68c3-4dce-95b2-1373cc89e6bf%3Alld:0
[  908445ms] [ERROR] Failed to load resource: the server responded with a status of 404 (Not Found) @ https://localhost:8000/api/conversations/06a38427-68c3-4dce-95b2-1373cc89e6bf%3Alld:0
[  913446ms] [ERROR] Failed to load resource: the server responded with a status of 404 (Not Found) @ https://localhost:8000/api/conversations/06a38427-68c3-4dce-95b2-1373cc89e6bf%3Alld:0
[  918445ms] [ERROR] Failed to load resource: the server responded with a status of 404 (Not Found) @ https://localhost:8000/api/conversations/06a38427-68c3-4dce-95b2-1373cc89e6bf%3Alld:0
[  923445ms] [ERROR] Failed to load resource: the server responded with a status of 404 (Not Found) @ https://localhost:8000/api/conversations/06a38427-68c3-4dce-95b2-1373cc89e6bf%3Alld:0
[  928444ms] [ERROR] Failed to load resource: the server responded with a status of 404 (Not Found) @ https://localhost:8000/api/conversations/06a38427-68c3-4dce-95b2-1373cc89e6bf%3Alld:0
[  933445ms] [ERROR] Failed to load resource: the server responded with a status of 404 (Not Found) @ https://localhost:8000/api/conversations/06a38427-68c3-4dce-95b2-1373cc89e6bf%3Alld:0
[  938445ms] [ERROR] Failed to load resource: the server responded with a status of 404 (Not Found) @ https://localhost:8000/api/conversations/06a38427-68c3-4dce-95b2-1373cc89e6bf%3Alld:0
[  943444ms] [ERROR] Failed to load resource: the server responded with a status of 404 (Not Found) @ https://localhost:8000/api/conversations/06a38427-68c3-4dce-95b2-1373cc89e6bf%3Alld:0
[  948445ms] [ERROR] Failed to load resource: the server responded with a status of 404 (Not Found) @ https://localhost:8000/api/conversations/06a38427-68c3-4dce-95b2-1373cc89e6bf%3Alld:0
[  953443ms] [ERROR] Failed to load resource: the server responded with a status of 404 (Not Found) @ https://localhost:8000/api/conversations/06a38427-68c3-4dce-95b2-1373cc89e6bf%3Alld:0
[  958443ms] [ERROR] Failed to load resource: the server responded with a status of 404 (Not Found) @ https://localhost:8000/api/conversations/06a38427-68c3-4dce-95b2-1373cc89e6bf%3Alld:0
[  963442ms] [ERROR] Failed to load resource: the server responded with a status of 404 (Not Found) @ https://localhost:8000/api/conversations/06a38427-68c3-4dce-95b2-1373cc89e6bf%3Alld:0
[  968444ms] [ERROR] Failed to load resource: the server responded with a status of 404 (Not Found) @ https://localhost:8000/api/conversations/06a38427-68c3-4dce-95b2-1373cc89e6bf%3Alld:0
[  973445ms] [ERROR] Failed to load resource: the server responded with a status of 404 (Not Found) @ https://localhost:8000/api/conversations/06a38427-68c3-4dce-95b2-1373cc89e6bf%3Alld:0
[  978444ms] [ERROR] Failed to load resource: the server responded with a status of 404 (Not Found) @ https://localhost:8000/api/conversations/06a38427-68c3-4dce-95b2-1373cc89e6bf%3Alld:0
[  983445ms] [ERROR] Failed to load resource: the server responded with a status of 404 (Not Found) @ https://localhost:8000/api/conversations/06a38427-68c3-4dce-95b2-1373cc89e6bf%3Alld:0
[  988444ms] [ERROR] Failed to load resource: the server responded with a status of 404 (Not Found) @ https://localhost:8000/api/conversations/06a38427-68c3-4dce-95b2-1373cc89e6bf%3Alld:0
[  993446ms] [ERROR] Failed to load resource: the server responded with a status of 404 (Not Found) @ https://localhost:8000/api/conversations/06a38427-68c3-4dce-95b2-1373cc89e6bf%3Alld:0
[  998445ms] [ERROR] Failed to load resource: the server responded with a status of 404 (Not Found) @ https://localhost:8000/api/conversations/06a38427-68c3-4dce-95b2-1373cc89e6bf%3Alld:0
[ 1003445ms] [ERROR] Failed to load resource: the server responded with a status of 404 (Not Found) @ https://localhost:8000/api/conversations/06a38427-68c3-4dce-95b2-1373cc89e6bf%3Alld:0
[ 1008446ms] [ERROR] Failed to load resource: the server responded with a status of 404 (Not Found) @ https://localhost:8000/api/conversations/06a38427-68c3-4dce-95b2-1373cc89e6bf%3Alld:0
[ 1013443ms] [ERROR] Failed to load resource: the server responded with a status of 404 (Not Found) @ https://localhost:8000/api/conversations/06a38427-68c3-4dce-95b2-1373cc89e6bf%3Alld:0
[ 1018443ms] [ERROR] Failed to load resource: the server responded with a status of 404 (Not Found) @ https://localhost:8000/api/conversations/06a38427-68c3-4dce-95b2-1373cc89e6bf%3Alld:0
[ 1023445ms] [ERROR] Failed to load resource: the server responded with a status of 404 (Not Found) @ https://localhost:8000/api/conversations/06a38427-68c3-4dce-95b2-1373cc89e6bf%3Alld:0
[ 1028443ms] [ERROR] Failed to load resource: the server responded with a status of 404 (Not Found) @ https://localhost:8000/api/conversations/06a38427-68c3-4dce-95b2-1373cc89e6bf%3Alld:0
[ 1033447ms] [ERROR] Failed to load resource: the server responded with a status of 404 (Not Found) @ https://localhost:8000/api/conversations/06a38427-68c3-4dce-95b2-1373cc89e6bf%3Alld:0
[ 1038442ms] [ERROR] Failed to load resource: the server responded with a status of 404 (Not Found) @ https://localhost:8000/api/conversations/06a38427-68c3-4dce-95b2-1373cc89e6bf%3Alld:0
[ 1043446ms] [ERROR] Failed to load resource: the server responded with a status of 404 (Not Found) @ https://localhost:8000/api/conversations/06a38427-68c3-4dce-95b2-1373cc89e6bf%3Alld:0
[ 1048444ms] [ERROR] Failed to load resource: the server responded with a status of 404 (Not Found) @ https://localhost:8000/api/conversations/06a38427-68c3-4dce-95b2-1373cc89e6bf%3Alld:0
[ 1053445ms] [ERROR] Failed to load resource: the server responded with a status of 404 (Not Found) @ https://localhost:8000/api/conversations/06a38427-68c3-4dce-95b2-1373cc89e6bf%3Alld:0
[ 1058441ms] [ERROR] Failed to load resource: the server responded with a status of 404 (Not Found) @ https://localhost:8000/api/conversations/06a38427-68c3-4dce-95b2-1373cc89e6bf%3Alld:0
[ 1063443ms] [ERROR] Failed to load resource: the server responded with a status of 404 (Not Found) @ https://localhost:8000/api/conversations/06a38427-68c3-4dce-95b2-1373cc89e6bf%3Alld:0
[ 1068445ms] [ERROR] Failed to load resource: the server responded with a status of 404 (Not Found) @ https://localhost:8000/api/conversations/06a38427-68c3-4dce-95b2-1373cc89e6bf%3Alld:0
[ 1073445ms] [ERROR] Failed to load resource: the server responded with a status of 404 (Not Found) @ https://localhost:8000/api/conversations/06a38427-68c3-4dce-95b2-1373cc89e6bf%3Alld:0
[ 1078444ms] [ERROR] Failed to load resource: the server responded with a status of 404 (Not Found) @ https://localhost:8000/api/conversations/06a38427-68c3-4dce-95b2-1373cc89e6bf%3Alld:0
[ 1083441ms] [ERROR] Failed to load resource: the server responded with a status of 404 (Not Found) @ https://localhost:8000/api/conversations/06a38427-68c3-4dce-95b2-1373cc89e6bf%3Alld:0
[ 1088461ms] [ERROR] Failed to load resource: the server responded with a status of 404 (Not Found) @ https://localhost:8000/api/conversations/06a38427-68c3-4dce-95b2-1373cc89e6bf%3Alld:0
[ 1093444ms] [ERROR] Failed to load resource: the server responded with a status of 404 (Not Found) @ https://localhost:8000/api/conversations/06a38427-68c3-4dce-95b2-1373cc89e6bf%3Alld:0
[ 1098445ms] [ERROR] Failed to load resource: the server responded with a status of 404 (Not Found) @ https://localhost:8000/api/conversations/06a38427-68c3-4dce-95b2-1373cc89e6bf%3Alld:0
[ 1103447ms] [ERROR] Failed to load resource: the server responded with a status of 404 (Not Found) @ https://localhost:8000/api/conversations/06a38427-68c3-4dce-95b2-1373cc89e6bf%3Alld:0
[ 1108446ms] [ERROR] Failed to load resource: the server responded with a status of 404 (Not Found) @ https://localhost:8000/api/conversations/06a38427-68c3-4dce-95b2-1373cc89e6bf%3Alld:0
[ 1113443ms] [ERROR] Failed to load resource: the server responded with a status of 404 (Not Found) @ https://localhost:8000/api/conversations/06a38427-68c3-4dce-95b2-1373cc89e6bf%3Alld:0
[ 1118446ms] [ERROR] Failed to load resource: the server responded with a status of 404 (Not Found) @ https://localhost:8000/api/conversations/06a38427-68c3-4dce-95b2-1373cc89e6bf%3Alld:0
[ 1123446ms] [ERROR] Failed to load resource: the server responded with a status of 404 (Not Found) @ https://localhost:8000/api/conversations/06a38427-68c3-4dce-95b2-1373cc89e6bf%3Alld:0
[ 1128446ms] [ERROR] Failed to load resource: the server responded with a status of 404 (Not Found) @ https://localhost:8000/api/conversations/06a38427-68c3-4dce-95b2-1373cc89e6bf%3Alld:0
[ 1133444ms] [ERROR] Failed to load resource: the server responded with a status of 404 (Not Found) @ https://localhost:8000/api/conversations/06a38427-68c3-4dce-95b2-1373cc89e6bf%3Alld:0
[ 1138444ms] [ERROR] Failed to load resource: the server responded with a status of 404 (Not Found) @ https://localhost:8000/api/conversations/06a38427-68c3-4dce-95b2-1373cc89e6bf%3Alld:0
[ 1143441ms] [ERROR] Failed to load resource: the server responded with a status of 404 (Not Found) @ https://localhost:8000/api/conversations/06a38427-68c3-4dce-95b2-1373cc89e6bf%3Alld:0
[ 1148456ms] [ERROR] Failed to load resource: the server responded with a status of 404 (Not Found) @ https://localhost:8000/api/conversations/06a38427-68c3-4dce-95b2-1373cc89e6bf%3Alld:0
[ 1153444ms] [ERROR] Failed to load resource: the server responded with a status of 404 (Not Found) @ https://localhost:8000/api/conversations/06a38427-68c3-4dce-95b2-1373cc89e6bf%3Alld:0
[ 1158445ms] [ERROR] Failed to load resource: the server responded with a status of 404 (Not Found) @ https://localhost:8000/api/conversations/06a38427-68c3-4dce-95b2-1373cc89e6bf%3Alld:0
[ 1163444ms] [ERROR] Failed to load resource: the server responded with a status of 404 (Not Found) @ https://localhost:8000/api/conversations/06a38427-68c3-4dce-95b2-1373cc89e6bf%3Alld:0
[ 1168447ms] [ERROR] Failed to load resource: the server responded with a status of 404 (Not Found) @ https://localhost:8000/api/conversations/06a38427-68c3-4dce-95b2-1373cc89e6bf%3Alld:0
[ 1173447ms] [ERROR] Failed to load resource: the server responded with a status of 404 (Not Found) @ https://localhost:8000/api/conversations/06a38427-68c3-4dce-95b2-1373cc89e6bf%3Alld:0
[ 1178446ms] [ERROR] Failed to load resource: the server responded with a status of 404 (Not Found) @ https://localhost:8000/api/conversations/06a38427-68c3-4dce-95b2-1373cc89e6bf%3Alld:0
[ 1183446ms] [ERROR] Failed to load resource: the server responded with a status of 404 (Not Found) @ https://localhost:8000/api/conversations/06a38427-68c3-4dce-95b2-1373cc89e6bf%3Alld:0
[ 1188447ms] [ERROR] Failed to load resource: the server responded with a status of 404 (Not Found) @ https://localhost:8000/api/conversations/06a38427-68c3-4dce-95b2-1373cc89e6bf%3Alld:0
[ 1193446ms] [ERROR] Failed to load resource: the server responded with a status of 404 (Not Found) @ https://localhost:8000/api/conversations/06a38427-68c3-4dce-95b2-1373cc89e6bf%3Alld:0
[ 1198446ms] [ERROR] Failed to load resource: the server responded with a status of 404 (Not Found) @ https://localhost:8000/api/conversations/06a38427-68c3-4dce-95b2-1373cc89e6bf%3Alld:0
[ 1203446ms] [ERROR] Failed to load resource: the server responded with a status of 404 (Not Found) @ https://localhost:8000/api/conversations/06a38427-68c3-4dce-95b2-1373cc89e6bf%3Alld:0
[ 1208448ms] [ERROR] Failed to load resource: the server responded with a status of 404 (Not Found) @ https://localhost:8000/api/conversations/06a38427-68c3-4dce-95b2-1373cc89e6bf%3Alld:0
[ 1213447ms] [ERROR] Failed to load resource: the server responded with a status of 404 (Not Found) @ https://localhost:8000/api/conversations/06a38427-68c3-4dce-95b2-1373cc89e6bf%3Alld:0
[ 1218448ms] [ERROR] Failed to load resource: the server responded with a status of 404 (Not Found) @ https://localhost:8000/api/conversations/06a38427-68c3-4dce-95b2-1373cc89e6bf%3Alld:0
[ 1223446ms] [ERROR] Failed to load resource: the server responded with a status of 404 (Not Found) @ https://localhost:8000/api/conversations/06a38427-68c3-4dce-95b2-1373cc89e6bf%3Alld:0
[ 1228446ms] [ERROR] Failed to load resource: the server responded with a status of 404 (Not Found) @ https://localhost:8000/api/conversations/06a38427-68c3-4dce-95b2-1373cc89e6bf%3Alld:0
[ 1233444ms] [ERROR] Failed to load resource: the server responded with a status of 404 (Not Found) @ https://localhost:8000/api/conversations/06a38427-68c3-4dce-95b2-1373cc89e6bf%3Alld:0
[ 1238446ms] [ERROR] Failed to load resource: the server responded with a status of 404 (Not Found) @ https://localhost:8000/api/conversations/06a38427-68c3-4dce-95b2-1373cc89e6bf%3Alld:0
[ 1243444ms] [ERROR] Failed to load resource: the server responded with a status of 404 (Not Found) @ https://localhost:8000/api/conversations/06a38427-68c3-4dce-95b2-1373cc89e6bf%3Alld:0
[ 1248441ms] [ERROR] Failed to load resource: the server responded with a status of 404 (Not Found) @ https://localhost:8000/api/conversations/06a38427-68c3-4dce-95b2-1373cc89e6bf%3Alld:0
[ 1253445ms] [ERROR] Failed to load resource: the server responded with a status of 404 (Not Found) @ https://localhost:8000/api/conversations/06a38427-68c3-4dce-95b2-1373cc89e6bf%3Alld:0
[ 1258443ms] [ERROR] Failed to load resource: the server responded with a status of 404 (Not Found) @ https://localhost:8000/api/conversations/06a38427-68c3-4dce-95b2-1373cc89e6bf%3Alld:0
[ 1263442ms] [ERROR] Failed to load resource: the server responded with a status of 404 (Not Found) @ https://localhost:8000/api/conversations/06a38427-68c3-4dce-95b2-1373cc89e6bf%3Alld:0
[ 1268445ms] [ERROR] Failed to load resource: the server responded with a status of 404 (Not Found) @ https://localhost:8000/api/conversations/06a38427-68c3-4dce-95b2-1373cc89e6bf%3Alld:0
[ 1273444ms] [ERROR] Failed to load resource: the server responded with a status of 404 (Not Found) @ https://localhost:8000/api/conversations/06a38427-68c3-4dce-95b2-1373cc89e6bf%3Alld:0
[ 1278444ms] [ERROR] Failed to load resource: the server responded with a status of 404 (Not Found) @ https://localhost:8000/api/conversations/06a38427-68c3-4dce-95b2-1373cc89e6bf%3Alld:0
[ 1283446ms] [ERROR] Failed to load resource: the server responded with a status of 404 (Not Found) @ https://localhost:8000/api/conversations/06a38427-68c3-4dce-95b2-1373cc89e6bf%3Alld:0
[ 1288444ms] [ERROR] Failed to load resource: the server responded with a status of 404 (Not Found) @ https://localhost:8000/api/conversations/06a38427-68c3-4dce-95b2-1373cc89e6bf%3Alld:0
[ 1293445ms] [ERROR] Failed to load resource: the server responded with a status of 404 (Not Found) @ https://localhost:8000/api/conversations/06a38427-68c3-4dce-95b2-1373cc89e6bf%3Alld:0
[ 1298445ms] [ERROR] Failed to load resource: the server responded with a status of 404 (Not Found) @ https://localhost:8000/api/conversations/06a38427-68c3-4dce-95b2-1373cc89e6bf%3Alld:0
[ 1303444ms] [ERROR] Failed to load resource: the server responded with a status of 404 (Not Found) @ https://localhost:8000/api/conversations/06a38427-68c3-4dce-95b2-1373cc89e6bf%3Alld:0
[ 1308445ms] [ERROR] Failed to load resource: the server responded with a status of 404 (Not Found) @ https://localhost:8000/api/conversations/06a38427-68c3-4dce-95b2-1373cc89e6bf%3Alld:0
[ 1313444ms] [ERROR] Failed to load resource: the server responded with a status of 404 (Not Found) @ https://localhost:8000/api/conversations/06a38427-68c3-4dce-95b2-1373cc89e6bf%3Alld:0
[ 1318442ms] [ERROR] Failed to load resource: the server responded with a status of 404 (Not Found) @ https://localhost:8000/api/conversations/06a38427-68c3-4dce-95b2-1373cc89e6bf%3Alld:0
[ 1323445ms] [ERROR] Failed to load resource: the server responded with a status of 404 (Not Found) @ https://localhost:8000/api/conversations/06a38427-68c3-4dce-95b2-1373cc89e6bf%3Alld:0
[ 1328445ms] [ERROR] Failed to load resource: the server responded with a status of 404 (Not Found) @ https://localhost:8000/api/conversations/06a38427-68c3-4dce-95b2-1373cc89e6bf%3Alld:0
[ 1333444ms] [ERROR] Failed to load resource: the server responded with a status of 404 (Not Found) @ https://localhost:8000/api/conversations/06a38427-68c3-4dce-95b2-1373cc89e6bf%3Alld:0
[ 1338443ms] [ERROR] Failed to load resource: the server responded with a status of 404 (Not Found) @ https://localhost:8000/api/conversations/06a38427-68c3-4dce-95b2-1373cc89e6bf%3Alld:0
[ 1343444ms] [ERROR] Failed to load resource: the server responded with a status of 404 (Not Found) @ https://localhost:8000/api/conversations/06a38427-68c3-4dce-95b2-1373cc89e6bf%3Alld:0
[ 1348444ms] [ERROR] Failed to load resource: the server responded with a status of 404 (Not Found) @ https://localhost:8000/api/conversations/06a38427-68c3-4dce-95b2-1373cc89e6bf%3Alld:0
[ 1353444ms] [ERROR] Failed to load resource: the server responded with a status of 404 (Not Found) @ https://localhost:8000/api/conversations/06a38427-68c3-4dce-95b2-1373cc89e6bf%3Alld:0
[ 1358444ms] [ERROR] Failed to load resource: the server responded with a status of 404 (Not Found) @ https://localhost:8000/api/conversations/06a38427-68c3-4dce-95b2-1373cc89e6bf%3Alld:0
[ 1363443ms] [ERROR] Failed to load resource: the server responded with a status of 404 (Not Found) @ https://localhost:8000/api/conversations/06a38427-68c3-4dce-95b2-1373cc89e6bf%3Alld:0
[ 1368443ms] [ERROR] Failed to load resource: the server responded with a status of 404 (Not Found) @ https://localhost:8000/api/conversations/06a38427-68c3-4dce-95b2-1373cc89e6bf%3Alld:0
[ 1373443ms] [ERROR] Failed to load resource: the server responded with a status of 404 (Not Found) @ https://localhost:8000/api/conversations/06a38427-68c3-4dce-95b2-1373cc89e6bf%3Alld:0
[ 1378444ms] [ERROR] Failed to load resource: the server responded with a status of 404 (Not Found) @ https://localhost:8000/api/conversations/06a38427-68c3-4dce-95b2-1373cc89e6bf%3Alld:0
[ 1383443ms] [ERROR] Failed to load resource: the server responded with a status of 404 (Not Found) @ https://localhost:8000/api/conversations/06a38427-68c3-4dce-95b2-1373cc89e6bf%3Alld:0
[ 1388444ms] [ERROR] Failed to load resource: the server responded with a status of 404 (Not Found) @ https://localhost:8000/api/conversations/06a38427-68c3-4dce-95b2-1373cc89e6bf%3Alld:0
[ 1393444ms] [ERROR] Failed to load resource: the server responded with a status of 404 (Not Found) @ https://localhost:8000/api/conversations/06a38427-68c3-4dce-95b2-1373cc89e6bf%3Alld:0
[ 1398445ms] [ERROR] Failed to load resource: the server responded with a status of 404 (Not Found) @ https://localhost:8000/api/conversations/06a38427-68c3-4dce-95b2-1373cc89e6bf%3Alld:0
[ 1403443ms] [ERROR] Failed to load resource: the server responded with a status of 404 (Not Found) @ https://localhost:8000/api/conversations/06a38427-68c3-4dce-95b2-1373cc89e6bf%3Alld:0
[ 1408444ms] [ERROR] Failed to load resource: the server responded with a status of 404 (Not Found) @ https://localhost:8000/api/conversations/06a38427-68c3-4dce-95b2-1373cc89e6bf%3Alld:0
[ 1413443ms] [ERROR] Failed to load resource: the server responded with a status of 404 (Not Found) @ https://localhost:8000/api/conversations/06a38427-68c3-4dce-95b2-1373cc89e6bf%3Alld:0
[ 1418444ms] [ERROR] Failed to load resource: the server responded with a status of 404 (Not Found) @ https://localhost:8000/api/conversations/06a38427-68c3-4dce-95b2-1373cc89e6bf%3Alld:0
[ 1423443ms] [ERROR] Failed to load resource: the server responded with a status of 404 (Not Found) @ https://localhost:8000/api/conversations/06a38427-68c3-4dce-95b2-1373cc89e6bf%3Alld:0
[ 1428443ms] [ERROR] Failed to load resource: the server responded with a status of 404 (Not Found) @ https://localhost:8000/api/conversations/06a38427-68c3-4dce-95b2-1373cc89e6bf%3Alld:0
[ 1433443ms] [ERROR] Failed to load resource: the server responded with a status of 404 (Not Found) @ https://localhost:8000/api/conversations/06a38427-68c3-4dce-95b2-1373cc89e6bf%3Alld:0
[ 1438443ms] [ERROR] Failed to load resource: the server responded with a status of 404 (Not Found) @ https://localhost:8000/api/conversations/06a38427-68c3-4dce-95b2-1373cc89e6bf%3Alld:0
[ 1443444ms] [ERROR] Failed to load resource: the server responded with a status of 404 (Not Found) @ https://localhost:8000/api/conversations/06a38427-68c3-4dce-95b2-1373cc89e6bf%3Alld:0
[ 1448444ms] [ERROR] Failed to load resource: the server responded with a status of 404 (Not Found) @ https://localhost:8000/api/conversations/06a38427-68c3-4dce-95b2-1373cc89e6bf%3Alld:0
[ 1453443ms] [ERROR] Failed to load resource: the server responded with a status of 404 (Not Found) @ https://localhost:8000/api/conversations/06a38427-68c3-4dce-95b2-1373cc89e6bf%3Alld:0
[ 1458441ms] [ERROR] Failed to load resource: the server responded with a status of 404 (Not Found) @ https://localhost:8000/api/conversations/06a38427-68c3-4dce-95b2-1373cc89e6bf%3Alld:0
[ 1463442ms] [ERROR] Failed to load resource: the server responded with a status of 404 (Not Found) @ https://localhost:8000/api/conversations/06a38427-68c3-4dce-95b2-1373cc89e6bf%3Alld:0
[ 1468443ms] [ERROR] Failed to load resource: the server responded with a status of 404 (Not Found) @ https://localhost:8000/api/conversations/06a38427-68c3-4dce-95b2-1373cc89e6bf%3Alld:0
[ 1473443ms] [ERROR] Failed to load resource: the server responded with a status of 404 (Not Found) @ https://localhost:8000/api/conversations/06a38427-68c3-4dce-95b2-1373cc89e6bf%3Alld:0
[ 1478444ms] [ERROR] Failed to load resource: the server responded with a status of 404 (Not Found) @ https://localhost:8000/api/conversations/06a38427-68c3-4dce-95b2-1373cc89e6bf%3Alld:0
[ 1483444ms] [ERROR] Failed to load resource: the server responded with a status of 404 (Not Found) @ https://localhost:8000/api/conversations/06a38427-68c3-4dce-95b2-1373cc89e6bf%3Alld:0
[ 1488444ms] [ERROR] Failed to load resource: the server responded with a status of 404 (Not Found) @ https://localhost:8000/api/conversations/06a38427-68c3-4dce-95b2-1373cc89e6bf%3Alld:0
[ 1493444ms] [ERROR] Failed to load resource: the server responded with a status of 404 (Not Found) @ https://localhost:8000/api/conversations/06a38427-68c3-4dce-95b2-1373cc89e6bf%3Alld:0
[ 1498442ms] [ERROR] Failed to load resource: the server responded with a status of 404 (Not Found) @ https://localhost:8000/api/conversations/06a38427-68c3-4dce-95b2-1373cc89e6bf%3Alld:0
[ 1503443ms] [ERROR] Failed to load resource: the server responded with a status of 404 (Not Found) @ https://localhost:8000/api/conversations/06a38427-68c3-4dce-95b2-1373cc89e6bf%3Alld:0
[ 1508443ms] [ERROR] Failed to load resource: the server responded with a status of 404 (Not Found) @ https://localhost:8000/api/conversations/06a38427-68c3-4dce-95b2-1373cc89e6bf%3Alld:0
[ 1513442ms] [ERROR] Failed to load resource: the server responded with a status of 404 (Not Found) @ https://localhost:8000/api/conversations/06a38427-68c3-4dce-95b2-1373cc89e6bf%3Alld:0
[ 1518443ms] [ERROR] Failed to load resource: the server responded with a status of 404 (Not Found) @ https://localhost:8000/api/conversations/06a38427-68c3-4dce-95b2-1373cc89e6bf%3Alld:0
[ 1523443ms] [ERROR] Failed to load resource: the server responded with a status of 404 (Not Found) @ https://localhost:8000/api/conversations/06a38427-68c3-4dce-95b2-1373cc89e6bf%3Alld:0
[ 1528442ms] [ERROR] Failed to load resource: the server responded with a status of 404 (Not Found) @ https://localhost:8000/api/conversations/06a38427-68c3-4dce-95b2-1373cc89e6bf%3Alld:0
[ 1533444ms] [ERROR] Failed to load resource: the server responded with a status of 404 (Not Found) @ https://localhost:8000/api/conversations/06a38427-68c3-4dce-95b2-1373cc89e6bf%3Alld:0
[ 1538442ms] [ERROR] Failed to load resource: the server responded with a status of 404 (Not Found) @ https://localhost:8000/api/conversations/06a38427-68c3-4dce-95b2-1373cc89e6bf%3Alld:0
[ 1543443ms] [ERROR] Failed to load resource: the server responded with a status of 404 (Not Found) @ https://localhost:8000/api/conversations/06a38427-68c3-4dce-95b2-1373cc89e6bf%3Alld:0
[ 1548444ms] [ERROR] Failed to load resource: the server responded with a status of 404 (Not Found) @ https://localhost:8000/api/conversations/06a38427-68c3-4dce-95b2-1373cc89e6bf%3Alld:0
[ 1553444ms] [ERROR] Failed to load resource: the server responded with a status of 404 (Not Found) @ https://localhost:8000/api/conversations/06a38427-68c3-4dce-95b2-1373cc89e6bf%3Alld:0
[ 1558442ms] [ERROR] Failed to load resource: the server responded with a status of 404 (Not Found) @ https://localhost:8000/api/conversations/06a38427-68c3-4dce-95b2-1373cc89e6bf%3Alld:0
[ 1563443ms] [ERROR] Failed to load resource: the server responded with a status of 404 (Not Found) @ https://localhost:8000/api/conversations/06a38427-68c3-4dce-95b2-1373cc89e6bf%3Alld:0
[ 1568442ms] [ERROR] Failed to load resource: the server responded with a status of 404 (Not Found) @ https://localhost:8000/api/conversations/06a38427-68c3-4dce-95b2-1373cc89e6bf%3Alld:0
[ 1573442ms] [ERROR] Failed to load resource: the server responded with a status of 404 (Not Found) @ https://localhost:8000/api/conversations/06a38427-68c3-4dce-95b2-1373cc89e6bf%3Alld:0
[ 1578442ms] [ERROR] Failed to load resource: the server responded with a status of 404 (Not Found) @ https://localhost:8000/api/conversations/06a38427-68c3-4dce-95b2-1373cc89e6bf%3Alld:0
[ 1583443ms] [ERROR] Failed to load resource: the server responded with a status of 404 (Not Found) @ https://localhost:8000/api/conversations/06a38427-68c3-4dce-95b2-1373cc89e6bf%3Alld:0
[ 1588444ms] [ERROR] Failed to load resource: the server responded with a status of 404 (Not Found) @ https://localhost:8000/api/conversations/06a38427-68c3-4dce-95b2-1373cc89e6bf%3Alld:0
[ 1593445ms] [ERROR] Failed to load resource: the server responded with a status of 404 (Not Found) @ https://localhost:8000/api/conversations/06a38427-68c3-4dce-95b2-1373cc89e6bf%3Alld:0
[ 1598445ms] [ERROR] Failed to load resource: the server responded with a status of 404 (Not Found) @ https://localhost:8000/api/conversations/06a38427-68c3-4dce-95b2-1373cc89e6bf%3Alld:0
[ 1603443ms] [ERROR] Failed to load resource: the server responded with a status of 404 (Not Found) @ https://localhost:8000/api/conversations/06a38427-68c3-4dce-95b2-1373cc89e6bf%3Alld:0
[ 1608446ms] [ERROR] Failed to load resource: the server responded with a status of 404 (Not Found) @ https://localhost:8000/api/conversations/06a38427-68c3-4dce-95b2-1373cc89e6bf%3Alld:0
[ 1613445ms] [ERROR] Failed to load resource: the server responded with a status of 404 (Not Found) @ https://localhost:8000/api/conversations/06a38427-68c3-4dce-95b2-1373cc89e6bf%3Alld:0
[ 1618444ms] [ERROR] Failed to load resource: the server responded with a status of 404 (Not Found) @ https://localhost:8000/api/conversations/06a38427-68c3-4dce-95b2-1373cc89e6bf%3Alld:0
[ 1623444ms] [ERROR] Failed to load resource: the server responded with a status of 404 (Not Found) @ https://localhost:8000/api/conversations/06a38427-68c3-4dce-95b2-1373cc89e6bf%3Alld:0
[ 1628444ms] [ERROR] Failed to load resource: the server responded with a status of 404 (Not Found) @ https://localhost:8000/api/conversations/06a38427-68c3-4dce-95b2-1373cc89e6bf%3Alld:0
[ 1633445ms] [ERROR] Failed to load resource: the server responded with a status of 404 (Not Found) @ https://localhost:8000/api/conversations/06a38427-68c3-4dce-95b2-1373cc89e6bf%3Alld:0
[ 1638444ms] [ERROR] Failed to load resource: the server responded with a status of 404 (Not Found) @ https://localhost:8000/api/conversations/06a38427-68c3-4dce-95b2-1373cc89e6bf%3Alld:0
[ 1643447ms] [ERROR] Failed to load resource: the server responded with a status of 404 (Not Found) @ https://localhost:8000/api/conversations/06a38427-68c3-4dce-95b2-1373cc89e6bf%3Alld:0
[ 1648445ms] [ERROR] Failed to load resource: the server responded with a status of 404 (Not Found) @ https://localhost:8000/api/conversations/06a38427-68c3-4dce-95b2-1373cc89e6bf%3Alld:0
[ 1653447ms] [ERROR] Failed to load resource: the server responded with a status of 404 (Not Found) @ https://localhost:8000/api/conversations/06a38427-68c3-4dce-95b2-1373cc89e6bf%3Alld:0
[ 1658443ms] [ERROR] Failed to load resource: the server responded with a status of 404 (Not Found) @ https://localhost:8000/api/conversations/06a38427-68c3-4dce-95b2-1373cc89e6bf%3Alld:0
[ 1663447ms] [ERROR] Failed to load resource: the server responded with a status of 404 (Not Found) @ https://localhost:8000/api/conversations/06a38427-68c3-4dce-95b2-1373cc89e6bf%3Alld:0
[ 1668444ms] [ERROR] Failed to load resource: the server responded with a status of 404 (Not Found) @ https://localhost:8000/api/conversations/06a38427-68c3-4dce-95b2-1373cc89e6bf%3Alld:0
[ 1673445ms] [ERROR] Failed to load resource: the server responded with a status of 404 (Not Found) @ https://localhost:8000/api/conversations/06a38427-68c3-4dce-95b2-1373cc89e6bf%3Alld:0
[ 1678443ms] [ERROR] Failed to load resource: the server responded with a status of 404 (Not Found) @ https://localhost:8000/api/conversations/06a38427-68c3-4dce-95b2-1373cc89e6bf%3Alld:0
[ 1683447ms] [ERROR] Failed to load resource: the server responded with a status of 404 (Not Found) @ https://localhost:8000/api/conversations/06a38427-68c3-4dce-95b2-1373cc89e6bf%3Alld:0
[ 1688447ms] [ERROR] Failed to load resource: the server responded with a status of 404 (Not Found) @ https://localhost:8000/api/conversations/06a38427-68c3-4dce-95b2-1373cc89e6bf%3Alld:0
[ 1693447ms] [ERROR] Failed to load resource: the server responded with a status of 404 (Not Found) @ https://localhost:8000/api/conversations/06a38427-68c3-4dce-95b2-1373cc89e6bf%3Alld:0
[ 1698445ms] [ERROR] Failed to load resource: the server responded with a status of 404 (Not Found) @ https://localhost:8000/api/conversations/06a38427-68c3-4dce-95b2-1373cc89e6bf%3Alld:0
[ 1703448ms] [ERROR] Failed to load resource: the server responded with a status of 404 (Not Found) @ https://localhost:8000/api/conversations/06a38427-68c3-4dce-95b2-1373cc89e6bf%3Alld:0
[ 1708446ms] [ERROR] Failed to load resource: the server responded with a status of 404 (Not Found) @ https://localhost:8000/api/conversations/06a38427-68c3-4dce-95b2-1373cc89e6bf%3Alld:0
[ 1713447ms] [ERROR] Failed to load resource: the server responded with a status of 404 (Not Found) @ https://localhost:8000/api/conversations/06a38427-68c3-4dce-95b2-1373cc89e6bf%3Alld:0
[ 1718446ms] [ERROR] Failed to load resource: the server responded with a status of 404 (Not Found) @ https://localhost:8000/api/conversations/06a38427-68c3-4dce-95b2-1373cc89e6bf%3Alld:0
[ 1723445ms] [ERROR] Failed to load resource: the server responded with a status of 404 (Not Found) @ https://localhost:8000/api/conversations/06a38427-68c3-4dce-95b2-1373cc89e6bf%3Alld:0
[ 1728445ms] [ERROR] Failed to load resource: the server responded with a status of 404 (Not Found) @ https://localhost:8000/api/conversations/06a38427-68c3-4dce-95b2-1373cc89e6bf%3Alld:0
[ 1733446ms] [ERROR] Failed to load resource: the server responded with a status of 404 (Not Found) @ https://localhost:8000/api/conversations/06a38427-68c3-4dce-95b2-1373cc89e6bf%3Alld:0
[ 1738443ms] [ERROR] Failed to load resource: the server responded with a status of 404 (Not Found) @ https://localhost:8000/api/conversations/06a38427-68c3-4dce-95b2-1373cc89e6bf%3Alld:0
[ 1743443ms] [ERROR] Failed to load resource: the server responded with a status of 404 (Not Found) @ https://localhost:8000/api/conversations/06a38427-68c3-4dce-95b2-1373cc89e6bf%3Alld:0
[ 1748444ms] [ERROR] Failed to load resource: the server responded with a status of 404 (Not Found) @ https://localhost:8000/api/conversations/06a38427-68c3-4dce-95b2-1373cc89e6bf%3Alld:0
[ 1753443ms] [ERROR] Failed to load resource: the server responded with a status of 404 (Not Found) @ https://localhost:8000/api/conversations/06a38427-68c3-4dce-95b2-1373cc89e6bf%3Alld:0
[ 1758444ms] [ERROR] Failed to load resource: the server responded with a status of 404 (Not Found) @ https://localhost:8000/api/conversations/06a38427-68c3-4dce-95b2-1373cc89e6bf%3Alld:0
[ 1763444ms] [ERROR] Failed to load resource: the server responded with a status of 404 (Not Found) @ https://localhost:8000/api/conversations/06a38427-68c3-4dce-95b2-1373cc89e6bf%3Alld:0
[ 1768444ms] [ERROR] Failed to load resource: the server responded with a status of 404 (Not Found) @ https://localhost:8000/api/conversations/06a38427-68c3-4dce-95b2-1373cc89e6bf%3Alld:0
[ 1773446ms] [ERROR] Failed to load resource: the server responded with a status of 404 (Not Found) @ https://localhost:8000/api/conversations/06a38427-68c3-4dce-95b2-1373cc89e6bf%3Alld:0
[ 1778444ms] [ERROR] Failed to load resource: the server responded with a status of 404 (Not Found) @ https://localhost:8000/api/conversations/06a38427-68c3-4dce-95b2-1373cc89e6bf%3Alld:0
[ 1783444ms] [ERROR] Failed to load resource: the server responded with a status of 404 (Not Found) @ https://localhost:8000/api/conversations/06a38427-68c3-4dce-95b2-1373cc89e6bf%3Alld:0
[ 1788444ms] [ERROR] Failed to load resource: the server responded with a status of 404 (Not Found) @ https://localhost:8000/api/conversations/06a38427-68c3-4dce-95b2-1373cc89e6bf%3Alld:0
[ 1793445ms] [ERROR] Failed to load resource: the server responded with a status of 404 (Not Found) @ https://localhost:8000/api/conversations/06a38427-68c3-4dce-95b2-1373cc89e6bf%3Alld:0
[ 1798444ms] [ERROR] Failed to load resource: the server responded with a status of 404 (Not Found) @ https://localhost:8000/api/conversations/06a38427-68c3-4dce-95b2-1373cc89e6bf%3Alld:0
[ 1803443ms] [ERROR] Failed to load resource: the server responded with a status of 404 (Not Found) @ https://localhost:8000/api/conversations/06a38427-68c3-4dce-95b2-1373cc89e6bf%3Alld:0
[ 1808447ms] [ERROR] Failed to load resource: the server responded with a status of 404 (Not Found) @ https://localhost:8000/api/conversations/06a38427-68c3-4dce-95b2-1373cc89e6bf%3Alld:0
[ 1813443ms] [ERROR] Failed to load resource: the server responded with a status of 404 (Not Found) @ https://localhost:8000/api/conversations/06a38427-68c3-4dce-95b2-1373cc89e6bf%3Alld:0
[ 1818443ms] [ERROR] Failed to load resource: the server responded with a status of 404 (Not Found) @ https://localhost:8000/api/conversations/06a38427-68c3-4dce-95b2-1373cc89e6bf%3Alld:0
[ 1823442ms] [ERROR] Failed to load resource: the server responded with a status of 404 (Not Found) @ https://localhost:8000/api/conversations/06a38427-68c3-4dce-95b2-1373cc89e6bf%3Alld:0
[ 1828442ms] [ERROR] Failed to load resource: the server responded with a status of 404 (Not Found) @ https://localhost:8000/api/conversations/06a38427-68c3-4dce-95b2-1373cc89e6bf%3Alld:0
[ 1833445ms] [ERROR] Failed to load resource: the server responded with a status of 404 (Not Found) @ https://localhost:8000/api/conversations/06a38427-68c3-4dce-95b2-1373cc89e6bf%3Alld:0
[ 1838446ms] [ERROR] Failed to load resource: the server responded with a status of 404 (Not Found) @ https://localhost:8000/api/conversations/06a38427-68c3-4dce-95b2-1373cc89e6bf%3Alld:0
[ 1843445ms] [ERROR] Failed to load resource: the server responded with a status of 404 (Not Found) @ https://localhost:8000/api/conversations/06a38427-68c3-4dce-95b2-1373cc89e6bf%3Alld:0
[ 1848445ms] [ERROR] Failed to load resource: the server responded with a status of 404 (Not Found) @ https://localhost:8000/api/conversations/06a38427-68c3-4dce-95b2-1373cc89e6bf%3Alld:0
[ 1853444ms] [ERROR] Failed to load resource: the server responded with a status of 404 (Not Found) @ https://localhost:8000/api/conversations/06a38427-68c3-4dce-95b2-1373cc89e6bf%3Alld:0
[ 1858442ms] [ERROR] Failed to load resource: the server responded with a status of 404 (Not Found) @ https://localhost:8000/api/conversations/06a38427-68c3-4dce-95b2-1373cc89e6bf%3Alld:0
[ 1863477ms] [ERROR] Failed to load resource: the server responded with a status of 404 (Not Found) @ https://localhost:8000/api/conversations/06a38427-68c3-4dce-95b2-1373cc89e6bf%3Alld:0
[ 1868443ms] [ERROR] Failed to load resource: the server responded with a status of 404 (Not Found) @ https://localhost:8000/api/conversations/06a38427-68c3-4dce-95b2-1373cc89e6bf%3Alld:0
[ 1873445ms] [ERROR] Failed to load resource: the server responded with a status of 404 (Not Found) @ https://localhost:8000/api/conversations/06a38427-68c3-4dce-95b2-1373cc89e6bf%3Alld:0
[ 1878443ms] [ERROR] Failed to load resource: the server responded with a status of 404 (Not Found) @ https://localhost:8000/api/conversations/06a38427-68c3-4dce-95b2-1373cc89e6bf%3Alld:0
[ 1883442ms] [ERROR] Failed to load resource: the server responded with a status of 404 (Not Found) @ https://localhost:8000/api/conversations/06a38427-68c3-4dce-95b2-1373cc89e6bf%3Alld:0
[ 1888442ms] [ERROR] Failed to load resource: the server responded with a status of 404 (Not Found) @ https://localhost:8000/api/conversations/06a38427-68c3-4dce-95b2-1373cc89e6bf%3Alld:0
[ 1893451ms] [ERROR] Failed to load resource: the server responded with a status of 404 (Not Found) @ https://localhost:8000/api/conversations/06a38427-68c3-4dce-95b2-1373cc89e6bf%3Alld:0
[ 1898444ms] [ERROR] Failed to load resource: the server responded with a status of 404 (Not Found) @ https://localhost:8000/api/conversations/06a38427-68c3-4dce-95b2-1373cc89e6bf%3Alld:0
[ 1903442ms] [ERROR] Failed to load resource: the server responded with a status of 404 (Not Found) @ https://localhost:8000/api/conversations/06a38427-68c3-4dce-95b2-1373cc89e6bf%3Alld:0
[ 1908444ms] [ERROR] Failed to load resource: the server responded with a status of 404 (Not Found) @ https://localhost:8000/api/conversations/06a38427-68c3-4dce-95b2-1373cc89e6bf%3Alld:0
[ 1913443ms] [ERROR] Failed to load resource: the server responded with a status of 404 (Not Found) @ https://localhost:8000/api/conversations/06a38427-68c3-4dce-95b2-1373cc89e6bf%3Alld:0
[ 1918443ms] [ERROR] Failed to load resource: the server responded with a status of 404 (Not Found) @ https://localhost:8000/api/conversations/06a38427-68c3-4dce-95b2-1373cc89e6bf%3Alld:0
[ 1923443ms] [ERROR] Failed to load resource: the server responded with a status of 404 (Not Found) @ https://localhost:8000/api/conversations/06a38427-68c3-4dce-95b2-1373cc89e6bf%3Alld:0
[ 1928443ms] [ERROR] Failed to load resource: the server responded with a status of 404 (Not Found) @ https://localhost:8000/api/conversations/06a38427-68c3-4dce-95b2-1373cc89e6bf%3Alld:0
[ 1933445ms] [ERROR] Failed to load resource: the server responded with a status of 404 (Not Found) @ https://localhost:8000/api/conversations/06a38427-68c3-4dce-95b2-1373cc89e6bf%3Alld:0
[ 1938443ms] [ERROR] Failed to load resource: the server responded with a status of 404 (Not Found) @ https://localhost:8000/api/conversations/06a38427-68c3-4dce-95b2-1373cc89e6bf%3Alld:0
[ 1943444ms] [ERROR] Failed to load resource: the server responded with a status of 404 (Not Found) @ https://localhost:8000/api/conversations/06a38427-68c3-4dce-95b2-1373cc89e6bf%3Alld:0
[ 1948444ms] [ERROR] Failed to load resource: the server responded with a status of 404 (Not Found) @ https://localhost:8000/api/conversations/06a38427-68c3-4dce-95b2-1373cc89e6bf%3Alld:0
[ 1953443ms] [ERROR] Failed to load resource: the server responded with a status of 404 (Not Found) @ https://localhost:8000/api/conversations/06a38427-68c3-4dce-95b2-1373cc89e6bf%3Alld:0
[ 1958444ms] [ERROR] Failed to load resource: the server responded with a status of 404 (Not Found) @ https://localhost:8000/api/conversations/06a38427-68c3-4dce-95b2-1373cc89e6bf%3Alld:0
[ 1963443ms] [ERROR] Failed to load resource: the server responded with a status of 404 (Not Found) @ https://localhost:8000/api/conversations/06a38427-68c3-4dce-95b2-1373cc89e6bf%3Alld:0
[ 1968445ms] [ERROR] Failed to load resource: the server responded with a status of 404 (Not Found) @ https://localhost:8000/api/conversations/06a38427-68c3-4dce-95b2-1373cc89e6bf%3Alld:0
[ 1973445ms] [ERROR] Failed to load resource: the server responded with a status of 404 (Not Found) @ https://localhost:8000/api/conversations/06a38427-68c3-4dce-95b2-1373cc89e6bf%3Alld:0
[ 1978444ms] [ERROR] Failed to load resource: the server responded with a status of 404 (Not Found) @ https://localhost:8000/api/conversations/06a38427-68c3-4dce-95b2-1373cc89e6bf%3Alld:0
[ 1983444ms] [ERROR] Failed to load resource: the server responded with a status of 404 (Not Found) @ https://localhost:8000/api/conversations/06a38427-68c3-4dce-95b2-1373cc89e6bf%3Alld:0
[ 1988445ms] [ERROR] Failed to load resource: the server responded with a status of 404 (Not Found) @ https://localhost:8000/api/conversations/06a38427-68c3-4dce-95b2-1373cc89e6bf%3Alld:0
[ 1993443ms] [ERROR] Failed to load resource: the server responded with a status of 404 (Not Found) @ https://localhost:8000/api/conversations/06a38427-68c3-4dce-95b2-1373cc89e6bf%3Alld:0
[ 1998443ms] [ERROR] Failed to load resource: the server responded with a status of 404 (Not Found) @ https://localhost:8000/api/conversations/06a38427-68c3-4dce-95b2-1373cc89e6bf%3Alld:0
[ 2003442ms] [ERROR] Failed to load resource: the server responded with a status of 404 (Not Found) @ https://localhost:8000/api/conversations/06a38427-68c3-4dce-95b2-1373cc89e6bf%3Alld:0
[ 2008445ms] [ERROR] Failed to load resource: the server responded with a status of 404 (Not Found) @ https://localhost:8000/api/conversations/06a38427-68c3-4dce-95b2-1373cc89e6bf%3Alld:0
[ 2013444ms] [ERROR] Failed to load resource: the server responded with a status of 404 (Not Found) @ https://localhost:8000/api/conversations/06a38427-68c3-4dce-95b2-1373cc89e6bf%3Alld:0
[ 2018443ms] [ERROR] Failed to load resource: the server responded with a status of 404 (Not Found) @ https://localhost:8000/api/conversations/06a38427-68c3-4dce-95b2-1373cc89e6bf%3Alld:0
[ 2023443ms] [ERROR] Failed to load resource: the server responded with a status of 404 (Not Found) @ https://localhost:8000/api/conversations/06a38427-68c3-4dce-95b2-1373cc89e6bf%3Alld:0
[ 2028442ms] [ERROR] Failed to load resource: the server responded with a status of 404 (Not Found) @ https://localhost:8000/api/conversations/06a38427-68c3-4dce-95b2-1373cc89e6bf%3Alld:0
[ 2033445ms] [ERROR] Failed to load resource: the server responded with a status of 404 (Not Found) @ https://localhost:8000/api/conversations/06a38427-68c3-4dce-95b2-1373cc89e6bf%3Alld:0
[ 2038442ms] [ERROR] Failed to load resource: the server responded with a status of 404 (Not Found) @ https://localhost:8000/api/conversations/06a38427-68c3-4dce-95b2-1373cc89e6bf%3Alld:0
[ 2043443ms] [ERROR] Failed to load resource: the server responded with a status of 404 (Not Found) @ https://localhost:8000/api/conversations/06a38427-68c3-4dce-95b2-1373cc89e6bf%3Alld:0
[ 2048442ms] [ERROR] Failed to load resource: the server responded with a status of 404 (Not Found) @ https://localhost:8000/api/conversations/06a38427-68c3-4dce-95b2-1373cc89e6bf%3Alld:0
[ 2053443ms] [ERROR] Failed to load resource: the server responded with a status of 404 (Not Found) @ https://localhost:8000/api/conversations/06a38427-68c3-4dce-95b2-1373cc89e6bf%3Alld:0
[ 2058517ms] [ERROR] Failed to load resource: the server responded with a status of 404 (Not Found) @ https://localhost:8000/api/conversations/06a38427-68c3-4dce-95b2-1373cc89e6bf%3Alld:0
[ 2063446ms] [ERROR] Failed to load resource: the server responded with a status of 404 (Not Found) @ https://localhost:8000/api/conversations/06a38427-68c3-4dce-95b2-1373cc89e6bf%3Alld:0
[ 2068442ms] [ERROR] Failed to load resource: the server responded with a status of 404 (Not Found) @ https://localhost:8000/api/conversations/06a38427-68c3-4dce-95b2-1373cc89e6bf%3Alld:0
[ 2073443ms] [ERROR] Failed to load resource: the server responded with a status of 404 (Not Found) @ https://localhost:8000/api/conversations/06a38427-68c3-4dce-95b2-1373cc89e6bf%3Alld:0
[ 2078443ms] [ERROR] Failed to load resource: the server responded with a status of 404 (Not Found) @ https://localhost:8000/api/conversations/06a38427-68c3-4dce-95b2-1373cc89e6bf%3Alld:0
[ 2083443ms] [ERROR] Failed to load resource: the server responded with a status of 404 (Not Found) @ https://localhost:8000/api/conversations/06a38427-68c3-4dce-95b2-1373cc89e6bf%3Alld:0
[ 2088443ms] [ERROR] Failed to load resource: the server responded with a status of 404 (Not Found) @ https://localhost:8000/api/conversations/06a38427-68c3-4dce-95b2-1373cc89e6bf%3Alld:0
[ 2093444ms] [ERROR] Failed to load resource: the server responded with a status of 404 (Not Found) @ https://localhost:8000/api/conversations/06a38427-68c3-4dce-95b2-1373cc89e6bf%3Alld:0
[ 2098441ms] [ERROR] Failed to load resource: the server responded with a status of 404 (Not Found) @ https://localhost:8000/api/conversations/06a38427-68c3-4dce-95b2-1373cc89e6bf%3Alld:0
[ 2103441ms] [ERROR] Failed to load resource: the server responded with a status of 404 (Not Found) @ https://localhost:8000/api/conversations/06a38427-68c3-4dce-95b2-1373cc89e6bf%3Alld:0
[ 2108447ms] [ERROR] Failed to load resource: the server responded with a status of 404 (Not Found) @ https://localhost:8000/api/conversations/06a38427-68c3-4dce-95b2-1373cc89e6bf%3Alld:0
[ 2113447ms] [ERROR] Failed to load resource: the server responded with a status of 404 (Not Found) @ https://localhost:8000/api/conversations/06a38427-68c3-4dce-95b2-1373cc89e6bf%3Alld:0
[ 2118444ms] [ERROR] Failed to load resource: the server responded with a status of 404 (Not Found) @ https://localhost:8000/api/conversations/06a38427-68c3-4dce-95b2-1373cc89e6bf%3Alld:0
[ 2123444ms] [ERROR] Failed to load resource: the server responded with a status of 404 (Not Found) @ https://localhost:8000/api/conversations/06a38427-68c3-4dce-95b2-1373cc89e6bf%3Alld:0
[ 2128450ms] [ERROR] Failed to load resource: the server responded with a status of 404 (Not Found) @ https://localhost:8000/api/conversations/06a38427-68c3-4dce-95b2-1373cc89e6bf%3Alld:0
[ 2133441ms] [ERROR] Failed to load resource: the server responded with a status of 404 (Not Found) @ https://localhost:8000/api/conversations/06a38427-68c3-4dce-95b2-1373cc89e6bf%3Alld:0
[ 2138442ms] [ERROR] Failed to load resource: the server responded with a status of 404 (Not Found) @ https://localhost:8000/api/conversations/06a38427-68c3-4dce-95b2-1373cc89e6bf%3Alld:0
[ 2143442ms] [ERROR] Failed to load resource: the server responded with a status of 404 (Not Found) @ https://localhost:8000/api/conversations/06a38427-68c3-4dce-95b2-1373cc89e6bf%3Alld:0
[ 2148442ms] [ERROR] Failed to load resource: the server responded with a status of 404 (Not Found) @ https://localhost:8000/api/conversations/06a38427-68c3-4dce-95b2-1373cc89e6bf%3Alld:0
[ 2153441ms] [ERROR] Failed to load resource: the server responded with a status of 404 (Not Found) @ https://localhost:8000/api/conversations/06a38427-68c3-4dce-95b2-1373cc89e6bf%3Alld:0
[ 2158442ms] [ERROR] Failed to load resource: the server responded with a status of 404 (Not Found) @ https://localhost:8000/api/conversations/06a38427-68c3-4dce-95b2-1373cc89e6bf%3Alld:0
[ 2163441ms] [ERROR] Failed to load resource: the server responded with a status of 404 (Not Found) @ https://localhost:8000/api/conversations/06a38427-68c3-4dce-95b2-1373cc89e6bf%3Alld:0
[ 2168443ms] [ERROR] Failed to load resource: the server responded with a status of 404 (Not Found) @ https://localhost:8000/api/conversations/06a38427-68c3-4dce-95b2-1373cc89e6bf%3Alld:0
[ 2173445ms] [ERROR] Failed to load resource: the server responded with a status of 404 (Not Found) @ https://localhost:8000/api/conversations/06a38427-68c3-4dce-95b2-1373cc89e6bf%3Alld:0
[ 2178442ms] [ERROR] Failed to load resource: the server responded with a status of 404 (Not Found) @ https://localhost:8000/api/conversations/06a38427-68c3-4dce-95b2-1373cc89e6bf%3Alld:0
[ 2183444ms] [ERROR] Failed to load resource: the server responded with a status of 404 (Not Found) @ https://localhost:8000/api/conversations/06a38427-68c3-4dce-95b2-1373cc89e6bf%3Alld:0
[ 2188442ms] [ERROR] Failed to load resource: the server responded with a status of 404 (Not Found) @ https://localhost:8000/api/conversations/06a38427-68c3-4dce-95b2-1373cc89e6bf%3Alld:0
[ 2193443ms] [ERROR] Failed to load resource: the server responded with a status of 404 (Not Found) @ https://localhost:8000/api/conversations/06a38427-68c3-4dce-95b2-1373cc89e6bf%3Alld:0
[ 2198441ms] [ERROR] Failed to load resource: the server responded with a status of 404 (Not Found) @ https://localhost:8000/api/conversations/06a38427-68c3-4dce-95b2-1373cc89e6bf%3Alld:0
[ 2203442ms] [ERROR] Failed to load resource: the server responded with a status of 404 (Not Found) @ https://localhost:8000/api/conversations/06a38427-68c3-4dce-95b2-1373cc89e6bf%3Alld:0
[ 2208444ms] [ERROR] Failed to load resource: the server responded with a status of 404 (Not Found) @ https://localhost:8000/api/conversations/06a38427-68c3-4dce-95b2-1373cc89e6bf%3Alld:0
[ 2213442ms] [ERROR] Failed to load resource: the server responded with a status of 404 (Not Found) @ https://localhost:8000/api/conversations/06a38427-68c3-4dce-95b2-1373cc89e6bf%3Alld:0
[ 2218442ms] [ERROR] Failed to load resource: the server responded with a status of 404 (Not Found) @ https://localhost:8000/api/conversations/06a38427-68c3-4dce-95b2-1373cc89e6bf%3Alld:0
[ 2223443ms] [ERROR] Failed to load resource: the server responded with a status of 404 (Not Found) @ https://localhost:8000/api/conversations/06a38427-68c3-4dce-95b2-1373cc89e6bf%3Alld:0
[ 2228443ms] [ERROR] Failed to load resource: the server responded with a status of 404 (Not Found) @ https://localhost:8000/api/conversations/06a38427-68c3-4dce-95b2-1373cc89e6bf%3Alld:0
[ 2233442ms] [ERROR] Failed to load resource: the server responded with a status of 404 (Not Found) @ https://localhost:8000/api/conversations/06a38427-68c3-4dce-95b2-1373cc89e6bf%3Alld:0
[ 2238445ms] [ERROR] Failed to load resource: the server responded with a status of 404 (Not Found) @ https://localhost:8000/api/conversations/06a38427-68c3-4dce-95b2-1373cc89e6bf%3Alld:0
[ 2243446ms] [ERROR] Failed to load resource: the server responded with a status of 404 (Not Found) @ https://localhost:8000/api/conversations/06a38427-68c3-4dce-95b2-1373cc89e6bf%3Alld:0
[ 2248443ms] [ERROR] Failed to load resource: the server responded with a status of 404 (Not Found) @ https://localhost:8000/api/conversations/06a38427-68c3-4dce-95b2-1373cc89e6bf%3Alld:0
[ 2253446ms] [ERROR] Failed to load resource: the server responded with a status of 404 (Not Found) @ https://localhost:8000/api/conversations/06a38427-68c3-4dce-95b2-1373cc89e6bf%3Alld:0
[ 2258446ms] [ERROR] Failed to load resource: the server responded with a status of 404 (Not Found) @ https://localhost:8000/api/conversations/06a38427-68c3-4dce-95b2-1373cc89e6bf%3Alld:0
[ 2263445ms] [ERROR] Failed to load resource: the server responded with a status of 404 (Not Found) @ https://localhost:8000/api/conversations/06a38427-68c3-4dce-95b2-1373cc89e6bf%3Alld:0
[ 2268444ms] [ERROR] Failed to load resource: the server responded with a status of 404 (Not Found) @ https://localhost:8000/api/conversations/06a38427-68c3-4dce-95b2-1373cc89e6bf%3Alld:0
[ 2273447ms] [ERROR] Failed to load resource: the server responded with a status of 404 (Not Found) @ https://localhost:8000/api/conversations/06a38427-68c3-4dce-95b2-1373cc89e6bf%3Alld:0
[ 2278447ms] [ERROR] Failed to load resource: the server responded with a status of 404 (Not Found) @ https://localhost:8000/api/conversations/06a38427-68c3-4dce-95b2-1373cc89e6bf%3Alld:0
[ 2283444ms] [ERROR] Failed to load resource: the server responded with a status of 404 (Not Found) @ https://localhost:8000/api/conversations/06a38427-68c3-4dce-95b2-1373cc89e6bf%3Alld:0
[ 2288445ms] [ERROR] Failed to load resource: the server responded with a status of 404 (Not Found) @ https://localhost:8000/api/conversations/06a38427-68c3-4dce-95b2-1373cc89e6bf%3Alld:0
[ 2293444ms] [ERROR] Failed to load resource: the server responded with a status of 404 (Not Found) @ https://localhost:8000/api/conversations/06a38427-68c3-4dce-95b2-1373cc89e6bf%3Alld:0
[ 2298443ms] [ERROR] Failed to load resource: the server responded with a status of 404 (Not Found) @ https://localhost:8000/api/conversations/06a38427-68c3-4dce-95b2-1373cc89e6bf%3Alld:0
[ 6103455ms] [ERROR] Failed to load resource: net::ERR_CONNECTION_REFUSED @ https://localhost:8000/api/conversations/06a38427-68c3-4dce-95b2-1373cc89e6bf%3Alld:0
[ 6108446ms] [ERROR] Failed to load resource: net::ERR_CONNECTION_REFUSED @ https://localhost:8000/api/conversations/06a38427-68c3-4dce-95b2-1373cc89e6bf%3Alld:0
[ 6113449ms] [ERROR] Failed to load resource: net::ERR_CONNECTION_REFUSED @ https://localhost:8000/api/conversations/06a38427-68c3-4dce-95b2-1373cc89e6bf%3Alld:0
[ 6118447ms] [ERROR] Failed to load resource: net::ERR_CONNECTION_REFUSED @ https://localhost:8000/api/conversations/06a38427-68c3-4dce-95b2-1373cc89e6bf%3Alld:0
[ 6123455ms] [ERROR] Failed to load resource: net::ERR_CONNECTION_REFUSED @ https://localhost:8000/api/conversations/06a38427-68c3-4dce-95b2-1373cc89e6bf%3Alld:0
[ 6128470ms] [ERROR] Failed to load resource: net::ERR_CONNECTION_REFUSED @ https://localhost:8000/api/conversations/06a38427-68c3-4dce-95b2-1373cc89e6bf%3Alld:0
[ 6133446ms] [ERROR] Failed to load resource: net::ERR_CONNECTION_REFUSED @ https://localhost:8000/api/conversations/06a38427-68c3-4dce-95b2-1373cc89e6bf%3Alld:0
[ 6138449ms] [ERROR] Failed to load resource: net::ERR_CONNECTION_REFUSED @ https://localhost:8000/api/conversations/06a38427-68c3-4dce-95b2-1373cc89e6bf%3Alld:0
[ 6143448ms] [ERROR] Failed to load resource: net::ERR_CONNECTION_REFUSED @ https://localhost:8000/api/conversations/06a38427-68c3-4dce-95b2-1373cc89e6bf%3Alld:0
[ 6148446ms] [ERROR] Failed to load resource: net::ERR_CONNECTION_REFUSED @ https://localhost:8000/api/conversations/06a38427-68c3-4dce-95b2-1373cc89e6bf%3Alld:0
[ 6153446ms] [ERROR] Failed to load resource: net::ERR_CONNECTION_REFUSED @ https://localhost:8000/api/conversations/06a38427-68c3-4dce-95b2-1373cc89e6bf%3Alld:0
[ 6158446ms] [ERROR] Failed to load resource: net::ERR_CONNECTION_REFUSED @ https://localhost:8000/api/conversations/06a38427-68c3-4dce-95b2-1373cc89e6bf%3Alld:0
[ 6163446ms] [ERROR] Failed to load resource: net::ERR_CONNECTION_REFUSED @ https://localhost:8000/api/conversations/06a38427-68c3-4dce-95b2-1373cc89e6bf%3Alld:0
[ 6168447ms] [ERROR] Failed to load resource: net::ERR_CONNECTION_REFUSED @ https://localhost:8000/api/conversations/06a38427-68c3-4dce-95b2-1373cc89e6bf%3Alld:0
[ 6173446ms] [ERROR] Failed to load resource: net::ERR_CONNECTION_REFUSED @ https://localhost:8000/api/conversations/06a38427-68c3-4dce-95b2-1373cc89e6bf%3Alld:0
[ 6178446ms] [ERROR] Failed to load resource: net::ERR_CONNECTION_REFUSED @ https://localhost:8000/api/conversations/06a38427-68c3-4dce-95b2-1373cc89e6bf%3Alld:0
[ 6183445ms] [ERROR] Failed to load resource: net::ERR_CONNECTION_REFUSED @ https://localhost:8000/api/conversations/06a38427-68c3-4dce-95b2-1373cc89e6bf%3Alld:0
[ 6188447ms] [ERROR] Failed to load resource: net::ERR_CONNECTION_REFUSED @ https://localhost:8000/api/conversations/06a38427-68c3-4dce-95b2-1373cc89e6bf%3Alld:0
[ 6193446ms] [ERROR] Failed to load resource: net::ERR_CONNECTION_REFUSED @ https://localhost:8000/api/conversations/06a38427-68c3-4dce-95b2-1373cc89e6bf%3Alld:0
[ 6198449ms] [ERROR] Failed to load resource: net::ERR_CONNECTION_REFUSED @ https://localhost:8000/api/conversations/06a38427-68c3-4dce-95b2-1373cc89e6bf%3Alld:0
[ 6203446ms] [ERROR] Failed to load resource: net::ERR_CONNECTION_REFUSED @ https://localhost:8000/api/conversations/06a38427-68c3-4dce-95b2-1373cc89e6bf%3Alld:0
[ 6208445ms] [ERROR] Failed to load resource: net::ERR_CONNECTION_REFUSED @ https://localhost:8000/api/conversations/06a38427-68c3-4dce-95b2-1373cc89e6bf%3Alld:0
[ 6213449ms] [ERROR] Failed to load resource: net::ERR_CONNECTION_REFUSED @ https://localhost:8000/api/conversations/06a38427-68c3-4dce-95b2-1373cc89e6bf%3Alld:0
[ 6218447ms] [ERROR] Failed to load resource: net::ERR_CONNECTION_REFUSED @ https://localhost:8000/api/conversations/06a38427-68c3-4dce-95b2-1373cc89e6bf%3Alld:0
[ 6223446ms] [ERROR] Failed to load resource: net::ERR_CONNECTION_REFUSED @ https://localhost:8000/api/conversations/06a38427-68c3-4dce-95b2-1373cc89e6bf%3Alld:0
[ 6228447ms] [ERROR] Failed to load resource: net::ERR_CONNECTION_REFUSED @ https://localhost:8000/api/conversations/06a38427-68c3-4dce-95b2-1373cc89e6bf%3Alld:0
[ 6233449ms] [ERROR] Failed to load resource: net::ERR_CONNECTION_REFUSED @ https://localhost:8000/api/conversations/06a38427-68c3-4dce-95b2-1373cc89e6bf%3Alld:0
[ 6238449ms] [ERROR] Failed to load resource: net::ERR_CONNECTION_REFUSED @ https://localhost:8000/api/conversations/06a38427-68c3-4dce-95b2-1373cc89e6bf%3Alld:0
